running egg_info
writing ../../build/mutil_bringup/mutil_bringup.egg-info/PKG-INFO
writing dependency_links to ../../build/mutil_bringup/mutil_bringup.egg-info/dependency_links.txt
writing requirements to ../../build/mutil_bringup/mutil_bringup.egg-info/requires.txt
writing top-level names to ../../build/mutil_bringup/mutil_bringup.egg-info/top_level.txt
reading manifest file '../../build/mutil_bringup/mutil_bringup.egg-info/SOURCES.txt'
adding license file 'LICENSE'
writing manifest file '../../build/mutil_bringup/mutil_bringup.egg-info/SOURCES.txt'
running build
running build_py
copying mutil_bringup/global_map_pub.py -> /home/dwduong74/mutil_robot/build/mutil_bringup/build/lib/mutil_bringup
copying mutil_bringup/__init__.py -> /home/dwduong74/mutil_robot/build/mutil_bringup/build/lib/mutil_bringup
running install
running install_lib
copying /home/dwduong74/mutil_robot/build/mutil_bringup/build/lib/mutil_bringup/global_map_pub.py -> /home/dwduong74/mutil_robot/install/mutil_bringup/lib/python3.10/site-packages/mutil_bringup
byte-compiling /home/dwduong74/mutil_robot/install/mutil_bringup/lib/python3.10/site-packages/mutil_bringup/global_map_pub.py to global_map_pub.cpython-310.pyc
running install_data
copying resource/mutil_bringup -> /home/dwduong74/mutil_robot/install/mutil_bringup/share/ament_index/resource_index/packages
copying package.xml -> /home/dwduong74/mutil_robot/install/mutil_bringup/share/mutil_bringup
copying launch/ex.py -> /home/dwduong74/mutil_robot/install/mutil_bringup/share/mutil_bringup/launch
copying launch/Spawn_launch.py -> /home/dwduong74/mutil_robot/install/mutil_bringup/share/mutil_bringup/launch
copying launch/nav2_slam.launch.py -> /home/dwduong74/mutil_robot/install/mutil_bringup/share/mutil_bringup/launch
copying launch/temp.py -> /home/dwduong74/mutil_robot/install/mutil_bringup/share/mutil_bringup/launch
copying param/base_nav2.yaml -> /home/dwduong74/mutil_robot/install/mutil_bringup/share/mutil_bringup/param
copying param/amcl.yaml -> /home/dwduong74/mutil_robot/install/mutil_bringup/share/mutil_bringup/param
copying param/TB3_1_nav2.yaml -> /home/dwduong74/mutil_robot/install/mutil_bringup/share/mutil_bringup/param
copying param/base_slam.yaml -> /home/dwduong74/mutil_robot/install/mutil_bringup/share/mutil_bringup/param
copying param/TB3_2_slam.yaml -> /home/dwduong74/mutil_robot/install/mutil_bringup/share/mutil_bringup/param
copying param/TB3_1_slam.yaml -> /home/dwduong74/mutil_robot/install/mutil_bringup/share/mutil_bringup/param
copying param/TB3_2_nav2.yaml -> /home/dwduong74/mutil_robot/install/mutil_bringup/share/mutil_bringup/param
running install_egg_info
removing '/home/dwduong74/mutil_robot/install/mutil_bringup/lib/python3.10/site-packages/mutil_bringup-0.0.0-py3.10.egg-info' (and everything under it)
Copying ../../build/mutil_bringup/mutil_bringup.egg-info to /home/dwduong74/mutil_robot/install/mutil_bringup/lib/python3.10/site-packages/mutil_bringup-0.0.0-py3.10.egg-info
running install_scripts
writing list of installed files to '/home/dwduong74/mutil_robot/build/mutil_bringup/install.log'
