[1.387s] Invoking command in '/home/dwduong74/mutil_robot/src/mutil_bringup': PYTHONPATH=/home/dwduong74/mutil_robot/build/mutil_bringup/prefix_override:/usr/lib/python3/dist-packages/colcon_core/task/python/colcon_distutils_commands:/home/dwduong74/mutil_robot/install/mutil_bringup/lib/python3.10/site-packages:${PYTHONPATH} /usr/bin/python3 -W ignore:setup.py install is deprecated -W ignore:easy_install command is deprecated setup.py egg_info --egg-base ../../build/mutil_bringup build --build-base /home/dwduong74/mutil_robot/build/mutil_bringup/build install --record /home/dwduong74/mutil_robot/build/mutil_bringup/install.log --single-version-externally-managed install_data
[1.766s] running egg_info
[1.796s] writing ../../build/mutil_bringup/mutil_bringup.egg-info/PKG-INFO
[1.796s] writing dependency_links to ../../build/mutil_bringup/mutil_bringup.egg-info/dependency_links.txt
[1.797s] writing requirements to ../../build/mutil_bringup/mutil_bringup.egg-info/requires.txt
[1.797s] writing top-level names to ../../build/mutil_bringup/mutil_bringup.egg-info/top_level.txt
[1.856s] reading manifest file '../../build/mutil_bringup/mutil_bringup.egg-info/SOURCES.txt'
[1.857s] adding license file 'LICENSE'
[1.858s] writing manifest file '../../build/mutil_bringup/mutil_bringup.egg-info/SOURCES.txt'
[1.858s] running build
[1.858s] running build_py
[1.858s] copying mutil_bringup/global_map_pub.py -> /home/dwduong74/mutil_robot/build/mutil_bringup/build/lib/mutil_bringup
[1.859s] copying mutil_bringup/__init__.py -> /home/dwduong74/mutil_robot/build/mutil_bringup/build/lib/mutil_bringup
[1.859s] running install
[1.867s] running install_lib
[1.896s] copying /home/dwduong74/mutil_robot/build/mutil_bringup/build/lib/mutil_bringup/global_map_pub.py -> /home/dwduong74/mutil_robot/install/mutil_bringup/lib/python3.10/site-packages/mutil_bringup
[1.897s] byte-compiling /home/dwduong74/mutil_robot/install/mutil_bringup/lib/python3.10/site-packages/mutil_bringup/global_map_pub.py to global_map_pub.cpython-310.pyc
[1.898s] running install_data
[1.898s] copying resource/mutil_bringup -> /home/dwduong74/mutil_robot/install/mutil_bringup/share/ament_index/resource_index/packages
[1.898s] copying package.xml -> /home/dwduong74/mutil_robot/install/mutil_bringup/share/mutil_bringup
[1.899s] copying launch/ex.py -> /home/dwduong74/mutil_robot/install/mutil_bringup/share/mutil_bringup/launch
[1.899s] copying launch/Spawn_launch.py -> /home/dwduong74/mutil_robot/install/mutil_bringup/share/mutil_bringup/launch
[1.899s] copying launch/nav2_slam.launch.py -> /home/dwduong74/mutil_robot/install/mutil_bringup/share/mutil_bringup/launch
[1.900s] copying launch/temp.py -> /home/dwduong74/mutil_robot/install/mutil_bringup/share/mutil_bringup/launch
[1.900s] copying param/base_nav2.yaml -> /home/dwduong74/mutil_robot/install/mutil_bringup/share/mutil_bringup/param
[1.900s] copying param/amcl.yaml -> /home/dwduong74/mutil_robot/install/mutil_bringup/share/mutil_bringup/param
[1.901s] copying param/TB3_1_nav2.yaml -> /home/dwduong74/mutil_robot/install/mutil_bringup/share/mutil_bringup/param
[1.901s] copying param/base_slam.yaml -> /home/dwduong74/mutil_robot/install/mutil_bringup/share/mutil_bringup/param
[1.901s] copying param/TB3_2_slam.yaml -> /home/dwduong74/mutil_robot/install/mutil_bringup/share/mutil_bringup/param
[1.901s] copying param/TB3_1_slam.yaml -> /home/dwduong74/mutil_robot/install/mutil_bringup/share/mutil_bringup/param
[1.902s] copying param/TB3_2_nav2.yaml -> /home/dwduong74/mutil_robot/install/mutil_bringup/share/mutil_bringup/param
[1.902s] running install_egg_info
[1.932s] removing '/home/dwduong74/mutil_robot/install/mutil_bringup/lib/python3.10/site-packages/mutil_bringup-0.0.0-py3.10.egg-info' (and everything under it)
[1.933s] Copying ../../build/mutil_bringup/mutil_bringup.egg-info to /home/dwduong74/mutil_robot/install/mutil_bringup/lib/python3.10/site-packages/mutil_bringup-0.0.0-py3.10.egg-info
[1.934s] running install_scripts
[2.189s] writing list of installed files to '/home/dwduong74/mutil_robot/build/mutil_bringup/install.log'
[2.219s] Invoked command in '/home/dwduong74/mutil_robot/src/mutil_bringup' returned '0': PYTHONPATH=/home/dwduong74/mutil_robot/build/mutil_bringup/prefix_override:/usr/lib/python3/dist-packages/colcon_core/task/python/colcon_distutils_commands:/home/dwduong74/mutil_robot/install/mutil_bringup/lib/python3.10/site-packages:${PYTHONPATH} /usr/bin/python3 -W ignore:setup.py install is deprecated -W ignore:easy_install command is deprecated setup.py egg_info --egg-base ../../build/mutil_bringup build --build-base /home/dwduong74/mutil_robot/build/mutil_bringup/build install --record /home/dwduong74/mutil_robot/build/mutil_bringup/install.log --single-version-externally-managed install_data
