[1.746s] Invoking command in '/home/dwduong74/mutil_robot/src/mutil_bringup': PYTHONPATH=/home/dwduong74/mutil_robot/build/mutil_bringup/prefix_override:/usr/lib/python3/dist-packages/colcon_core/task/python/colcon_distutils_commands:/home/dwduong74/mutil_robot/install/mutil_bringup/lib/python3.10/site-packages:${PYTHONPATH} /usr/bin/python3 -W ignore:setup.py install is deprecated -W ignore:easy_install command is deprecated setup.py egg_info --egg-base ../../build/mutil_bringup build --build-base /home/dwduong74/mutil_robot/build/mutil_bringup/build install --record /home/dwduong74/mutil_robot/build/mutil_bringup/install.log --single-version-externally-managed install_data
[2.258s] running egg_info
[2.305s] writing ../../build/mutil_bringup/mutil_bringup.egg-info/PKG-INFO
[2.306s] writing dependency_links to ../../build/mutil_bringup/mutil_bringup.egg-info/dependency_links.txt
[2.307s] writing requirements to ../../build/mutil_bringup/mutil_bringup.egg-info/requires.txt
[2.307s] writing top-level names to ../../build/mutil_bringup/mutil_bringup.egg-info/top_level.txt
[2.385s] reading manifest file '../../build/mutil_bringup/mutil_bringup.egg-info/SOURCES.txt'
[2.386s] adding license file 'LICENSE'
[2.387s] writing manifest file '../../build/mutil_bringup/mutil_bringup.egg-info/SOURCES.txt'
[2.387s] running build
[2.387s] running build_py
[2.388s] copying mutil_bringup/global_map_pub.py -> /home/dwduong74/mutil_robot/build/mutil_bringup/build/lib/mutil_bringup
[2.388s] copying mutil_bringup/__init__.py -> /home/dwduong74/mutil_robot/build/mutil_bringup/build/lib/mutil_bringup
[2.388s] running install
[2.396s] running install_lib
[2.431s] running install_data
[2.431s] copying resource/mutil_bringup -> /home/dwduong74/mutil_robot/install/mutil_bringup/share/ament_index/resource_index/packages
[2.431s] copying package.xml -> /home/dwduong74/mutil_robot/install/mutil_bringup/share/mutil_bringup
[2.431s] copying launch/ex.py -> /home/dwduong74/mutil_robot/install/mutil_bringup/share/mutil_bringup/launch
[2.432s] copying launch/Spawn_launch.py -> /home/dwduong74/mutil_robot/install/mutil_bringup/share/mutil_bringup/launch
[2.432s] copying launch/nav2_slam.launch.py -> /home/dwduong74/mutil_robot/install/mutil_bringup/share/mutil_bringup/launch
[2.432s] copying launch/temp.py -> /home/dwduong74/mutil_robot/install/mutil_bringup/share/mutil_bringup/launch
[2.432s] copying param/base_nav2.yaml -> /home/dwduong74/mutil_robot/install/mutil_bringup/share/mutil_bringup/param
[2.433s] copying param/amcl.yaml -> /home/dwduong74/mutil_robot/install/mutil_bringup/share/mutil_bringup/param
[2.433s] copying param/TB3_1_nav2.yaml -> /home/dwduong74/mutil_robot/install/mutil_bringup/share/mutil_bringup/param
[2.433s] copying param/base_slam.yaml -> /home/dwduong74/mutil_robot/install/mutil_bringup/share/mutil_bringup/param
[2.433s] copying param/TB3_2_slam.yaml -> /home/dwduong74/mutil_robot/install/mutil_bringup/share/mutil_bringup/param
[2.434s] copying param/TB3_1_slam.yaml -> /home/dwduong74/mutil_robot/install/mutil_bringup/share/mutil_bringup/param
[2.434s] copying param/TB3_2_nav2.yaml -> /home/dwduong74/mutil_robot/install/mutil_bringup/share/mutil_bringup/param
[2.434s] running install_egg_info
[2.475s] removing '/home/dwduong74/mutil_robot/install/mutil_bringup/lib/python3.10/site-packages/mutil_bringup-0.0.0-py3.10.egg-info' (and everything under it)
[2.475s] Copying ../../build/mutil_bringup/mutil_bringup.egg-info to /home/dwduong74/mutil_robot/install/mutil_bringup/lib/python3.10/site-packages/mutil_bringup-0.0.0-py3.10.egg-info
[2.476s] running install_scripts
[2.810s] writing list of installed files to '/home/dwduong74/mutil_robot/build/mutil_bringup/install.log'
[2.855s] Invoked command in '/home/dwduong74/mutil_robot/src/mutil_bringup' returned '0': PYTHONPATH=/home/dwduong74/mutil_robot/build/mutil_bringup/prefix_override:/usr/lib/python3/dist-packages/colcon_core/task/python/colcon_distutils_commands:/home/dwduong74/mutil_robot/install/mutil_bringup/lib/python3.10/site-packages:${PYTHONPATH} /usr/bin/python3 -W ignore:setup.py install is deprecated -W ignore:easy_install command is deprecated setup.py egg_info --egg-base ../../build/mutil_bringup build --build-base /home/dwduong74/mutil_robot/build/mutil_bringup/build install --record /home/dwduong74/mutil_robot/build/mutil_bringup/install.log --single-version-externally-managed install_data
