[0.316s] DEBUG:colcon:Command line arguments: ['/usr/bin/colcon', 'build']
[0.316s] DEBUG:colcon:Parsed command line arguments: Namespace(log_base=None, log_level=None, verb_name='build', build_base='build', install_base='install', merge_install=False, symlink_install=False, test_result_base=None, continue_on_error=False, executor='parallel', parallel_workers=8, event_handlers=None, ignore_user_meta=False, metas=['./colcon.meta'], base_paths=['.'], packages_ignore=None, packages_ignore_regex=None, paths=None, packages_up_to=None, packages_up_to_regex=None, packages_above=None, packages_above_and_dependencies=None, packages_above_depth=None, packages_select_by_dep=None, packages_skip_by_dep=None, packages_skip_up_to=None, packages_select_build_failed=False, packages_skip_build_finished=False, packages_select_test_failures=False, packages_skip_test_passed=False, packages_select=None, packages_skip=None, packages_select_regex=None, packages_skip_regex=None, packages_start=None, packages_end=None, allow_overriding=[], cmake_args=None, cmake_target=None, cmake_target_skip_unavailable=False, cmake_clean_cache=False, cmake_clean_first=False, cmake_force_configure=False, ament_cmake_args=None, catkin_cmake_args=None, catkin_skip_building_tests=False, mixin_files=None, mixin=None, verb_parser=<colcon_mixin.mixin.mixin_argument.MixinArgumentDecorator object at 0x743eba2d1a20>, verb_extension=<colcon_core.verb.build.BuildVerb object at 0x743eba2d14b0>, main=<bound method BuildVerb.main of <colcon_core.verb.build.BuildVerb object at 0x743eba2d14b0>>, mixin_verb=('build',))
[0.413s] Level 1:colcon.colcon_core.package_discovery:discover_packages(colcon_meta) check parameters
[0.413s] Level 1:colcon.colcon_core.package_discovery:discover_packages(recursive) check parameters
[0.413s] Level 1:colcon.colcon_core.package_discovery:discover_packages(ignore) check parameters
[0.413s] Level 1:colcon.colcon_core.package_discovery:discover_packages(path) check parameters
[0.413s] Level 1:colcon.colcon_core.package_discovery:discover_packages(colcon_meta) discover
[0.413s] Level 1:colcon.colcon_core.package_discovery:discover_packages(recursive) discover
[0.413s] INFO:colcon.colcon_core.package_discovery:Crawling recursively for packages in '/home/dwduong74/mutil_robot'
[0.413s] Level 1:colcon.colcon_core.package_identification:_identify(.) by extensions ['ignore', 'ignore_ament_install']
[0.413s] Level 1:colcon.colcon_core.package_identification:_identify(.) by extension 'ignore'
[0.414s] Level 1:colcon.colcon_core.package_identification:_identify(.) by extension 'ignore_ament_install'
[0.414s] Level 1:colcon.colcon_core.package_identification:_identify(.) by extensions ['colcon_pkg']
[0.414s] Level 1:colcon.colcon_core.package_identification:_identify(.) by extension 'colcon_pkg'
[0.414s] Level 1:colcon.colcon_core.package_identification:_identify(.) by extensions ['colcon_meta']
[0.414s] Level 1:colcon.colcon_core.package_identification:_identify(.) by extension 'colcon_meta'
[0.414s] Level 1:colcon.colcon_core.package_identification:_identify(.) by extensions ['ros']
[0.414s] Level 1:colcon.colcon_core.package_identification:_identify(.) by extension 'ros'
[0.451s] Level 1:colcon.colcon_core.package_identification:_identify(.) by extensions ['cmake', 'python']
[0.451s] Level 1:colcon.colcon_core.package_identification:_identify(.) by extension 'cmake'
[0.451s] Level 1:colcon.colcon_core.package_identification:_identify(.) by extension 'python'
[0.451s] Level 1:colcon.colcon_core.package_identification:_identify(.) by extensions ['python_setup_py']
[0.451s] Level 1:colcon.colcon_core.package_identification:_identify(.) by extension 'python_setup_py'
[0.451s] Level 1:colcon.colcon_core.package_identification:_identify(build) by extensions ['ignore', 'ignore_ament_install']
[0.451s] Level 1:colcon.colcon_core.package_identification:_identify(build) by extension 'ignore'
[0.451s] Level 1:colcon.colcon_core.package_identification:_identify(build) ignored
[0.451s] Level 1:colcon.colcon_core.package_identification:_identify(install) by extensions ['ignore', 'ignore_ament_install']
[0.452s] Level 1:colcon.colcon_core.package_identification:_identify(install) by extension 'ignore'
[0.452s] Level 1:colcon.colcon_core.package_identification:_identify(install) ignored
[0.452s] Level 1:colcon.colcon_core.package_identification:_identify(log) by extensions ['ignore', 'ignore_ament_install']
[0.452s] Level 1:colcon.colcon_core.package_identification:_identify(log) by extension 'ignore'
[0.452s] Level 1:colcon.colcon_core.package_identification:_identify(log) ignored
[0.452s] Level 1:colcon.colcon_core.package_identification:_identify(src) by extensions ['ignore', 'ignore_ament_install']
[0.452s] Level 1:colcon.colcon_core.package_identification:_identify(src) by extension 'ignore'
[0.452s] Level 1:colcon.colcon_core.package_identification:_identify(src) by extension 'ignore_ament_install'
[0.452s] Level 1:colcon.colcon_core.package_identification:_identify(src) by extensions ['colcon_pkg']
[0.452s] Level 1:colcon.colcon_core.package_identification:_identify(src) by extension 'colcon_pkg'
[0.452s] Level 1:colcon.colcon_core.package_identification:_identify(src) by extensions ['colcon_meta']
[0.452s] Level 1:colcon.colcon_core.package_identification:_identify(src) by extension 'colcon_meta'
[0.452s] Level 1:colcon.colcon_core.package_identification:_identify(src) by extensions ['ros']
[0.452s] Level 1:colcon.colcon_core.package_identification:_identify(src) by extension 'ros'
[0.452s] Level 1:colcon.colcon_core.package_identification:_identify(src) by extensions ['cmake', 'python']
[0.452s] Level 1:colcon.colcon_core.package_identification:_identify(src) by extension 'cmake'
[0.453s] Level 1:colcon.colcon_core.package_identification:_identify(src) by extension 'python'
[0.453s] Level 1:colcon.colcon_core.package_identification:_identify(src) by extensions ['python_setup_py']
[0.453s] Level 1:colcon.colcon_core.package_identification:_identify(src) by extension 'python_setup_py'
[0.453s] Level 1:colcon.colcon_core.package_identification:_identify(src/mutil_bringup) by extensions ['ignore', 'ignore_ament_install']
[0.453s] Level 1:colcon.colcon_core.package_identification:_identify(src/mutil_bringup) by extension 'ignore'
[0.453s] Level 1:colcon.colcon_core.package_identification:_identify(src/mutil_bringup) by extension 'ignore_ament_install'
[0.453s] Level 1:colcon.colcon_core.package_identification:_identify(src/mutil_bringup) by extensions ['colcon_pkg']
[0.453s] Level 1:colcon.colcon_core.package_identification:_identify(src/mutil_bringup) by extension 'colcon_pkg'
[0.453s] Level 1:colcon.colcon_core.package_identification:_identify(src/mutil_bringup) by extensions ['colcon_meta']
[0.453s] Level 1:colcon.colcon_core.package_identification:_identify(src/mutil_bringup) by extension 'colcon_meta'
[0.453s] Level 1:colcon.colcon_core.package_identification:_identify(src/mutil_bringup) by extensions ['ros']
[0.453s] Level 1:colcon.colcon_core.package_identification:_identify(src/mutil_bringup) by extension 'ros'
[0.460s] DEBUG:colcon.colcon_core.package_identification:Package 'src/mutil_bringup' with type 'ros.ament_python' and name 'mutil_bringup'
[0.460s] Level 1:colcon.colcon_core.package_discovery:discover_packages(recursive) using defaults
[0.460s] Level 1:colcon.colcon_core.package_discovery:discover_packages(ignore) discover
[0.460s] Level 1:colcon.colcon_core.package_discovery:discover_packages(ignore) using defaults
[0.460s] Level 1:colcon.colcon_core.package_discovery:discover_packages(path) discover
[0.460s] Level 1:colcon.colcon_core.package_discovery:discover_packages(path) using defaults
[0.498s] Level 1:colcon.colcon_core.package_discovery:discover_packages(prefix_path) check parameters
[0.498s] Level 1:colcon.colcon_core.package_discovery:discover_packages(prefix_path) discover
[0.512s] DEBUG:colcon.colcon_installed_package_information.package_discovery:Found 1 installed packages in /home/dwduong74/mutil_robot/install
[0.513s] DEBUG:colcon.colcon_installed_package_information.package_discovery:Found 18 installed packages in /home/dwduong74/ros2_ws/install
[0.514s] DEBUG:colcon.colcon_installed_package_information.package_discovery:Found 2 installed packages in /home/dwduong74/Robocup/Robot_tu_dong/install
[0.514s] DEBUG:colcon.colcon_installed_package_information.package_discovery:Found 4 installed packages in /home/dwduong74/Robocup/Robot_thu_cong/install
[0.515s] DEBUG:colcon.colcon_installed_package_information.package_discovery:Found 1 installed packages in /home/dwduong74/MCP_ws/install
[0.516s] DEBUG:colcon.colcon_installed_package_information.package_discovery:Found 325 installed packages in /opt/ros/humble
[0.518s] Level 1:colcon.colcon_core.package_discovery:discover_packages(prefix_path) using defaults
[0.638s] Level 5:colcon.colcon_core.verb:set package 'mutil_bringup' build argument 'cmake_args' from command line to 'None'
[0.638s] Level 5:colcon.colcon_core.verb:set package 'mutil_bringup' build argument 'cmake_target' from command line to 'None'
[0.638s] Level 5:colcon.colcon_core.verb:set package 'mutil_bringup' build argument 'cmake_target_skip_unavailable' from command line to 'False'
[0.638s] Level 5:colcon.colcon_core.verb:set package 'mutil_bringup' build argument 'cmake_clean_cache' from command line to 'False'
[0.638s] Level 5:colcon.colcon_core.verb:set package 'mutil_bringup' build argument 'cmake_clean_first' from command line to 'False'
[0.638s] Level 5:colcon.colcon_core.verb:set package 'mutil_bringup' build argument 'cmake_force_configure' from command line to 'False'
[0.638s] Level 5:colcon.colcon_core.verb:set package 'mutil_bringup' build argument 'ament_cmake_args' from command line to 'None'
[0.638s] Level 5:colcon.colcon_core.verb:set package 'mutil_bringup' build argument 'catkin_cmake_args' from command line to 'None'
[0.638s] Level 5:colcon.colcon_core.verb:set package 'mutil_bringup' build argument 'catkin_skip_building_tests' from command line to 'False'
[0.638s] DEBUG:colcon.colcon_core.verb:Building package 'mutil_bringup' with the following arguments: {'ament_cmake_args': None, 'build_base': '/home/dwduong74/mutil_robot/build/mutil_bringup', 'catkin_cmake_args': None, 'catkin_skip_building_tests': False, 'cmake_args': None, 'cmake_clean_cache': False, 'cmake_clean_first': False, 'cmake_force_configure': False, 'cmake_target': None, 'cmake_target_skip_unavailable': False, 'install_base': '/home/dwduong74/mutil_robot/install/mutil_bringup', 'merge_install': False, 'path': '/home/dwduong74/mutil_robot/src/mutil_bringup', 'symlink_install': False, 'test_result_base': None}
[0.639s] INFO:colcon.colcon_core.executor:Executing jobs using 'parallel' executor
[0.640s] DEBUG:colcon.colcon_parallel_executor.executor.parallel:run_until_complete
[0.640s] INFO:colcon.colcon_ros.task.ament_python.build:Building ROS package in '/home/dwduong74/mutil_robot/src/mutil_bringup' with build type 'ament_python'
[0.640s] Level 1:colcon.colcon_core.shell:create_environment_hook('mutil_bringup', 'ament_prefix_path')
[0.648s] INFO:colcon.colcon_core.plugin_system:Skipping extension 'colcon_core.shell.bat': Not used on non-Windows systems
[0.648s] INFO:colcon.colcon_core.shell:Creating environment hook '/home/dwduong74/mutil_robot/install/mutil_bringup/share/mutil_bringup/hook/ament_prefix_path.ps1'
[0.650s] INFO:colcon.colcon_core.shell:Creating environment descriptor '/home/dwduong74/mutil_robot/install/mutil_bringup/share/mutil_bringup/hook/ament_prefix_path.dsv'
[0.651s] INFO:colcon.colcon_core.shell:Creating environment hook '/home/dwduong74/mutil_robot/install/mutil_bringup/share/mutil_bringup/hook/ament_prefix_path.sh'
[0.652s] INFO:colcon.colcon_core.shell:Skip shell extension 'powershell' for command environment: Not usable outside of PowerShell
[0.652s] DEBUG:colcon.colcon_core.shell:Skip shell extension 'dsv' for command environment
[0.959s] INFO:colcon.colcon_core.task.python.build:Building Python package in '/home/dwduong74/mutil_robot/src/mutil_bringup'
[0.960s] INFO:colcon.colcon_core.shell:Skip shell extension 'powershell' for command environment: Not usable outside of PowerShell
[0.960s] DEBUG:colcon.colcon_core.shell:Skip shell extension 'dsv' for command environment
[2.488s] DEBUG:colcon.colcon_core.event_handler.log_command:Invoking command in '/home/dwduong74/mutil_robot/src/mutil_bringup': PYTHONPATH=/home/dwduong74/mutil_robot/build/mutil_bringup/prefix_override:/usr/lib/python3/dist-packages/colcon_core/task/python/colcon_distutils_commands:/home/dwduong74/mutil_robot/install/mutil_bringup/lib/python3.10/site-packages:${PYTHONPATH} /usr/bin/python3 -W ignore:setup.py install is deprecated -W ignore:easy_install command is deprecated setup.py egg_info --egg-base ../../build/mutil_bringup build --build-base /home/dwduong74/mutil_robot/build/mutil_bringup/build install --record /home/dwduong74/mutil_robot/build/mutil_bringup/install.log --single-version-externally-managed install_data
[3.284s] DEBUG:colcon.colcon_core.event_handler.log_command:Invoked command in '/home/dwduong74/mutil_robot/src/mutil_bringup' returned '0': PYTHONPATH=/home/dwduong74/mutil_robot/build/mutil_bringup/prefix_override:/usr/lib/python3/dist-packages/colcon_core/task/python/colcon_distutils_commands:/home/dwduong74/mutil_robot/install/mutil_bringup/lib/python3.10/site-packages:${PYTHONPATH} /usr/bin/python3 -W ignore:setup.py install is deprecated -W ignore:easy_install command is deprecated setup.py egg_info --egg-base ../../build/mutil_bringup build --build-base /home/dwduong74/mutil_robot/build/mutil_bringup/build install --record /home/dwduong74/mutil_robot/build/mutil_bringup/install.log --single-version-externally-managed install_data
[3.293s] Level 1:colcon.colcon_core.environment:checking '/home/dwduong74/mutil_robot/install/mutil_bringup' for CMake module files
[3.293s] Level 1:colcon.colcon_core.environment:checking '/home/dwduong74/mutil_robot/install/mutil_bringup' for CMake config files
[3.294s] Level 1:colcon.colcon_core.environment:checking '/home/dwduong74/mutil_robot/install/mutil_bringup/lib'
[3.294s] Level 1:colcon.colcon_core.environment:checking '/home/dwduong74/mutil_robot/install/mutil_bringup/bin'
[3.294s] Level 1:colcon.colcon_core.environment:checking '/home/dwduong74/mutil_robot/install/mutil_bringup/lib/pkgconfig/mutil_bringup.pc'
[3.295s] Level 1:colcon.colcon_core.environment:checking '/home/dwduong74/mutil_robot/install/mutil_bringup/lib/python3.10/site-packages'
[3.295s] Level 1:colcon.colcon_core.shell:create_environment_hook('mutil_bringup', 'pythonpath')
[3.295s] INFO:colcon.colcon_core.shell:Creating environment hook '/home/dwduong74/mutil_robot/install/mutil_bringup/share/mutil_bringup/hook/pythonpath.ps1'
[3.296s] INFO:colcon.colcon_core.shell:Creating environment descriptor '/home/dwduong74/mutil_robot/install/mutil_bringup/share/mutil_bringup/hook/pythonpath.dsv'
[3.296s] INFO:colcon.colcon_core.shell:Creating environment hook '/home/dwduong74/mutil_robot/install/mutil_bringup/share/mutil_bringup/hook/pythonpath.sh'
[3.297s] Level 1:colcon.colcon_core.environment:checking '/home/dwduong74/mutil_robot/install/mutil_bringup/bin'
[3.297s] Level 1:colcon.colcon_core.environment:create_environment_scripts_only(mutil_bringup)
[3.297s] INFO:colcon.colcon_core.shell:Creating package script '/home/dwduong74/mutil_robot/install/mutil_bringup/share/mutil_bringup/package.ps1'
[3.298s] INFO:colcon.colcon_core.shell:Creating package descriptor '/home/dwduong74/mutil_robot/install/mutil_bringup/share/mutil_bringup/package.dsv'
[3.299s] INFO:colcon.colcon_core.shell:Creating package script '/home/dwduong74/mutil_robot/install/mutil_bringup/share/mutil_bringup/package.sh'
[3.301s] INFO:colcon.colcon_core.shell:Creating package script '/home/dwduong74/mutil_robot/install/mutil_bringup/share/mutil_bringup/package.bash'
[3.302s] INFO:colcon.colcon_core.shell:Creating package script '/home/dwduong74/mutil_robot/install/mutil_bringup/share/mutil_bringup/package.zsh'
[3.303s] Level 1:colcon.colcon_core.environment:create_file_with_runtime_dependencies(/home/dwduong74/mutil_robot/install/mutil_bringup/share/colcon-core/packages/mutil_bringup)
[3.303s] DEBUG:colcon.colcon_parallel_executor.executor.parallel:closing loop
[3.304s] DEBUG:colcon.colcon_parallel_executor.executor.parallel:loop closed
[3.304s] DEBUG:colcon.colcon_parallel_executor.executor.parallel:run_until_complete finished with '0'
[3.304s] DEBUG:colcon.colcon_core.event_reactor:joining thread
[3.312s] INFO:colcon.colcon_core.plugin_system:Skipping extension 'colcon_notification.desktop_notification.terminal_notifier': Not used on non-Darwin systems
[3.312s] INFO:colcon.colcon_core.plugin_system:Skipping extension 'colcon_notification.desktop_notification.win32': Not used on non-Windows systems
[3.312s] INFO:colcon.colcon_notification.desktop_notification:Sending desktop notification using 'notify2'
[3.331s] DEBUG:colcon.colcon_core.event_reactor:joined thread
[3.331s] INFO:colcon.colcon_core.shell:Creating prefix script '/home/dwduong74/mutil_robot/install/local_setup.ps1'
[3.333s] INFO:colcon.colcon_core.shell:Creating prefix util module '/home/dwduong74/mutil_robot/install/_local_setup_util_ps1.py'
[3.335s] INFO:colcon.colcon_core.shell:Creating prefix chain script '/home/dwduong74/mutil_robot/install/setup.ps1'
[3.338s] INFO:colcon.colcon_core.shell:Creating prefix script '/home/dwduong74/mutil_robot/install/local_setup.sh'
[3.339s] INFO:colcon.colcon_core.shell:Creating prefix util module '/home/dwduong74/mutil_robot/install/_local_setup_util_sh.py'
[3.340s] INFO:colcon.colcon_core.shell:Creating prefix chain script '/home/dwduong74/mutil_robot/install/setup.sh'
[3.343s] INFO:colcon.colcon_core.shell:Creating prefix script '/home/dwduong74/mutil_robot/install/local_setup.bash'
[3.343s] INFO:colcon.colcon_core.shell:Creating prefix chain script '/home/dwduong74/mutil_robot/install/setup.bash'
[3.347s] INFO:colcon.colcon_core.shell:Creating prefix script '/home/dwduong74/mutil_robot/install/local_setup.zsh'
[3.347s] INFO:colcon.colcon_core.shell:Creating prefix chain script '/home/dwduong74/mutil_robot/install/setup.zsh'
