/home/dwduong74/mutil_robot/install/mutil_bringup/lib/python3.10/site-packages/mutil_bringup/global_map_pub.py
/home/dwduong74/mutil_robot/install/mutil_bringup/lib/python3.10/site-packages/mutil_bringup/__init__.py
/home/dwduong74/mutil_robot/install/mutil_bringup/lib/python3.10/site-packages/mutil_bringup/__pycache__/global_map_pub.cpython-310.pyc
/home/dwduong74/mutil_robot/install/mutil_bringup/lib/python3.10/site-packages/mutil_bringup/__pycache__/__init__.cpython-310.pyc
/home/dwduong74/mutil_robot/install/mutil_bringup/share/ament_index/resource_index/packages/mutil_bringup
/home/dwduong74/mutil_robot/install/mutil_bringup/share/mutil_bringup/package.xml
/home/dwduong74/mutil_robot/install/mutil_bringup/share/mutil_bringup/launch/ex.py
/home/dwduong74/mutil_robot/install/mutil_bringup/share/mutil_bringup/launch/Spawn_launch.py
/home/dwduong74/mutil_robot/install/mutil_bringup/share/mutil_bringup/launch/nav2_slam.launch.py
/home/dwduong74/mutil_robot/install/mutil_bringup/share/mutil_bringup/launch/temp.py
/home/dwduong74/mutil_robot/install/mutil_bringup/share/mutil_bringup/launch/amcl_pose.py
/home/dwduong74/mutil_robot/install/mutil_bringup/share/mutil_bringup/param/base_nav2.yaml
/home/dwduong74/mutil_robot/install/mutil_bringup/share/mutil_bringup/param/amcl.yaml
/home/dwduong74/mutil_robot/install/mutil_bringup/share/mutil_bringup/param/TB3_1_nav2.yaml
/home/dwduong74/mutil_robot/install/mutil_bringup/share/mutil_bringup/param/base_slam.yaml
/home/dwduong74/mutil_robot/install/mutil_bringup/share/mutil_bringup/param/TB3_2_slam.yaml
/home/dwduong74/mutil_robot/install/mutil_bringup/share/mutil_bringup/param/TB3_1_slam.yaml
/home/dwduong74/mutil_robot/install/mutil_bringup/share/mutil_bringup/param/TB3_2_nav2.yaml
/home/dwduong74/mutil_robot/install/mutil_bringup/lib/python3.10/site-packages/mutil_bringup-0.0.0-py3.10.egg-info/SOURCES.txt
/home/dwduong74/mutil_robot/install/mutil_bringup/lib/python3.10/site-packages/mutil_bringup-0.0.0-py3.10.egg-info/zip-safe
/home/dwduong74/mutil_robot/install/mutil_bringup/lib/python3.10/site-packages/mutil_bringup-0.0.0-py3.10.egg-info/requires.txt
/home/dwduong74/mutil_robot/install/mutil_bringup/lib/python3.10/site-packages/mutil_bringup-0.0.0-py3.10.egg-info/top_level.txt
/home/dwduong74/mutil_robot/install/mutil_bringup/lib/python3.10/site-packages/mutil_bringup-0.0.0-py3.10.egg-info/dependency_links.txt
/home/dwduong74/mutil_robot/install/mutil_bringup/lib/python3.10/site-packages/mutil_bringup-0.0.0-py3.10.egg-info/PKG-INFO
